<?xml version="1.0" encoding="UTF-8"?>
<!-- Generated by org.testng.reporters.JUnitReportReporter -->
<testsuite skipped="0" hostname="IND04-L-CQSXMQ2" name="StaticJsonFileImport" tests="1" failures="0" timestamp="2020-07-26T09:52:04 IST" time="3.442" errors="0">
  <testcase name="AddBook" time="3.442" classname="StaticJsonFileImport"/>
  <system-out/>
</testsuite> <!-- StaticJsonFileImport -->
