<?xml version="1.0" encoding="UTF-8"?>
<!-- Generated by org.testng.reporters.JUnitReportReporter -->
<testsuite skipped="0" hostname="IND04-L-CQSXMQ2" name="DynamicJson" tests="3" failures="0" timestamp="2020-07-26T09:33:38 IST" time="4.257" errors="0">
  <testcase name="AddBook" time="0.248" classname="DynamicJson"/>
  <system-out/>
  <testcase name="AddBook" time="3.703" classname="DynamicJson"/>
  <system-out/>
  <testcase name="AddBook" time="0.306" classname="DynamicJson"/>
  <system-out/>
</testsuite> <!-- DynamicJson -->
